<?xml version="1.0" encoding="UTF-8"?>
<Site BuildName="Win32-MSBuild"
	BuildStamp="20230512-0839-Experimental"
	Name="VarnitSaini"
	Generator="ctest-3.26.3"
	CompilerName="C:/Program Files/Microsoft Visual Studio/2022/Community/VC/Tools/MSVC/14.34.31933/bin/Hostx86/x64/cl.exe"
	CompilerVersion="19.34.31937.0"
	OSName="Windows"
	Hostname="VarnitSaini"
	OSRelease=" Personal"
	OSVersion=" (Build 22621)"
	OSPlatform="AMD64"
	Is64Bits="1"
	VendorString="GenuineIntel"
	VendorID="Intel Corporation"
	FamilyID="6"
	ModelID="10"
	ProcessorCacheSize="-1"
	NumberOfLogicalCPU="16"
	NumberOfPhysicalCPU="10"
	TotalVirtualMemory="17331"
	TotalPhysicalMemory="16051"
	LogicalProcessorsPerPhysical="1"
	ProcessorClockFrequency="2688"
	>
	<Testing>
		<StartDateTime>May 12 14:15 India Standard Time</StartDateTime>
		<StartTestTime>1683881119</StartTestTime>
		<TestList/>
		<EndDateTime>May 12 14:15 India Standard Time</EndDateTime>
		<EndTestTime>1683881119</EndTestTime>
		<ElapsedMinutes>0</ElapsedMinutes>
	</Testing>
</Site>
